{"uuid":"1d35d11d-b788-44f0-bab6-705ac324ac31","historyId":"5745515deac6727a7c9d6c748801a97c","testCaseId":"[engine:junit-jupiter]/[class:testsuite.lei122720.bookstore.category.BookstoreCategoryTests]/[method:shouldAddNewCategorySuccessfully()]","testCaseName":"shouldAddNewCategorySuccessfully()","fullName":"testsuite.lei122720.bookstore.category.BookstoreCategoryTests.shouldAddNewCategorySuccessfully","labels":[{"name":"junit.platform.uniqueid","value":"[engine:junit-jupiter]/[class:testsuite.lei122720.bookstore.category.BookstoreCategoryTests]/[method:shouldAddNewCategorySuccessfully()]"},{"name":"epic","value":"Bookstore"},{"name":"feature","value":"Gest√£o de categorias"},{"name":"story","value":"Adicionar uma nova categoria"},{"name":"host","value":"Air-de-Alfredo.Home"},{"name":"thread","value":"59600@Air-de-Alfredo.Home.main(3)"},{"name":"framework","value":"junit-platform"},{"name":"language","value":"java"},{"name":"package","value":"testsuite.lei122720.bookstore.category.BookstoreCategoryTests"},{"name":"testClass","value":"testsuite.lei122720.bookstore.category.BookstoreCategoryTests"},{"name":"testMethod","value":"shouldAddNewCategorySuccessfully"},{"name":"suite","value":"testsuite.lei122720.bookstore.category.BookstoreCategoryTests"},{"name":"severity","value":"critical"}],"links":[],"name":"shouldAddNewCategorySuccessfully()","status":"failed","statusDetails":{"known":false,"muted":false,"flaky":false,"message":"Element not found {#name}\nExpected: be visible\nScreenshot: file:/Users/alfredosoudo/Desktop/SeleniumDemo/build/reports/tests/1764608297927.0.png\nPage source: file:/Users/alfredosoudo/Desktop/SeleniumDemo/build/reports/tests/1764608297927.0.html\nTimeout: 4 s.\nCaused by: NoSuchElementException: no such element: Unable to locate element: {\"method\":\"css selector\",\"selector\":\"#name\"}","trace":"Element not found {#name}\nExpected: be visible\nScreenshot: file:/Users/alfredosoudo/Desktop/SeleniumDemo/build/reports/tests/1764608297927.0.png\nPage source: file:/Users/alfredosoudo/Desktop/SeleniumDemo/build/reports/tests/1764608297927.0.html\nTimeout: 4 s.\nCaused by: NoSuchElementException: no such element: Unable to locate element: {\"method\":\"css selector\",\"selector\":\"#name\"}\n\tat com.codeborne.selenide.impl.WebElementSource.createElementNotFoundError(WebElementSource.java:68)\n\tat com.codeborne.selenide.impl.ElementFinder.createElementNotFoundError(ElementFinder.java:117)\n\tat com.codeborne.selenide.impl.WebElementSource.handleError(WebElementSource.java:119)\n\tat com.codeborne.selenide.impl.WebElementSource.checkConditionAndReturnElement(WebElementSource.java:102)\n\tat com.codeborne.selenide.impl.WebElementSource.checkCondition(WebElementSource.java:78)\n\tat com.codeborne.selenide.commands.Should.execute(Should.java:24)\n\tat com.codeborne.selenide.FluentCommand.execute(FluentCommand.java:23)\n\tat com.codeborne.selenide.FluentCommand.execute(FluentCommand.java:19)\n\tat com.codeborne.selenide.commands.Commands.execute(Commands.java:159)\n\tat com.codeborne.selenide.impl.SelenideElementProxy.dispatchAndRetry(SelenideElementProxy.java:131)\n\tat com.codeborne.selenide.impl.SelenideElementProxy.invoke(SelenideElementProxy.java:83)\n\tat jdk.proxy2/jdk.proxy2.$Proxy15.should(Unknown Source)\n\tat testsuite.lei122720.bookstore.category.pages.BookstoreCategoriesPage.goToCategoryForm(BookstoreCategoriesPage.java:39)\n\tat testsuite.lei122720.bookstore.category.BookstoreCategoryTests.shouldAddNewCategorySuccessfully(BookstoreCategoryTests.java:48)\n\tat java.base/java.lang.reflect.Method.invoke(Method.java:565)\n\tat java.base/java.util.ArrayList.forEach(ArrayList.java:1604)\n\tat java.base/java.util.ArrayList.forEach(ArrayList.java:1604)\nCaused by: org.openqa.selenium.NoSuchElementException: no such element: Unable to locate element: {\"method\":\"css selector\",\"selector\":\"#name\"}\n  (Session info: chrome=142.0.7444.176)\nFor documentation on this error, please visit: https://www.selenium.dev/documentation/webdriver/troubleshooting/errors#no-such-element-exception\nBuild info: version: '4.26.0', revision: '8ccf0219d7'\nSystem info: os.name: 'Mac OS X', os.arch: 'aarch64', os.version: '12.5', java.version: '25'\nDriver info: org.openqa.selenium.chrome.ChromeDriver\nCommand: [2a11c98b2bf49d9c35d3bbcb399130eb, findElement {value=#name, using=css selector}]\nCapabilities {acceptInsecureCerts: true, browserName: chrome, browserVersion: 142.0.7444.176, chrome: {chromedriverVersion: 142.0.7444.175 (302067f14a4..., userDataDir: /var/folders/dw/045d4h3921b...}, fedcm:accounts: true, goog:chromeOptions: {debuggerAddress: localhost:54643}, goog:processID: 59624, networkConnectionEnabled: false, pageLoadStrategy: normal, platformName: mac, proxy: Proxy(), se:cdp: ws://localhost:54643/devtoo..., se:cdpVersion: 142.0.7444.176, setWindowRect: true, strictFileInteractability: false, timeouts: {implicit: 0, pageLoad: 300000, script: 30000}, unhandledPromptBehavior: accept, webauthn:extension:credBlob: true, webauthn:extension:largeBlob: true, webauthn:extension:minPinLength: true, webauthn:extension:prf: true, webauthn:virtualAuthenticators: true}\nSession ID: 2a11c98b2bf49d9c35d3bbcb399130eb\n\tat java.base/jdk.internal.reflect.DirectConstructorHandleAccessor.newInstance(DirectConstructorHandleAccessor.java:62)\n\tat java.base/java.lang.reflect.Constructor.newInstanceWithCaller(Constructor.java:499)\n\tat java.base/java.lang.reflect.Constructor.newInstance(Constructor.java:483)\n\tat org.openqa.selenium.remote.ErrorCodec.decode(ErrorCodec.java:167)\n\tat org.openqa.selenium.remote.codec.w3c.W3CHttpResponseCodec.decode(W3CHttpResponseCodec.java:138)\n\tat org.openqa.selenium.remote.codec.w3c.W3CHttpResponseCodec.decode(W3CHttpResponseCodec.java:50)\n\tat org.openqa.selenium.remote.HttpCommandExecutor.execute(HttpCommandExecutor.java:190)\n\tat org.openqa.selenium.remote.service.DriverCommandExecutor.invokeExecute(DriverCommandExecutor.java:216)\n\tat org.openqa.selenium.remote.service.DriverCommandExecutor.execute(DriverCommandExecutor.java:174)\n\tat org.openqa.selenium.remote.RemoteWebDriver.execute(RemoteWebDriver.java:545)\n\tat org.openqa.selenium.remote.ElementLocation$ElementFinder$2.findElement(ElementLocation.java:165)\n\tat org.openqa.selenium.remote.ElementLocation.findElement(ElementLocation.java:59)\n\tat org.openqa.selenium.remote.RemoteWebDriver.findElement(RemoteWebDriver.java:368)\n\tat org.openqa.selenium.remote.RemoteWebDriver.findElement(RemoteWebDriver.java:362)\n\tat com.codeborne.selenide.impl.WebElementSelector.findElement(WebElementSelector.java:64)\n\tat com.codeborne.selenide.impl.WebElementSelector.findElement(WebElementSelector.java:39)\n\tat com.codeborne.selenide.impl.WebElementSelector.findElement(WebElementSelector.java:30)\n\tat com.codeborne.selenide.impl.ElementFinder.getWebElement(ElementFinder.java:101)\n\tat com.codeborne.selenide.impl.WebElementSource.checkConditionAndReturnElement(WebElementSource.java:91)\n\t... 13 more\n"},"stage":"finished","description":"","steps":[],"attachments":[],"parameters":[],"start":1764608287586,"stop":1764608298309}