{"uuid":"73e6b0db-2a59-42ea-98be-3420e439e4c9","historyId":"5745515deac6727a7c9d6c748801a97c","testCaseId":"[engine:junit-jupiter]/[class:testsuite.lei122720.bookstore.category.BookstoreCategoryTests]/[method:shouldAddNewCategorySuccessfully()]","testCaseName":"shouldAddNewCategorySuccessfully()","fullName":"testsuite.lei122720.bookstore.category.BookstoreCategoryTests.shouldAddNewCategorySuccessfully","labels":[{"name":"junit.platform.uniqueid","value":"[engine:junit-jupiter]/[class:testsuite.lei122720.bookstore.category.BookstoreCategoryTests]/[method:shouldAddNewCategorySuccessfully()]"},{"name":"epic","value":"Bookstore"},{"name":"feature","value":"GestÃ£o de categorias"},{"name":"story","value":"Adicionar uma nova categoria"},{"name":"host","value":"Air-de-Alfredo.Home"},{"name":"thread","value":"57673@Air-de-Alfredo.Home.main(3)"},{"name":"framework","value":"junit-platform"},{"name":"language","value":"java"},{"name":"package","value":"testsuite.lei122720.bookstore.category.BookstoreCategoryTests"},{"name":"testClass","value":"testsuite.lei122720.bookstore.category.BookstoreCategoryTests"},{"name":"testMethod","value":"shouldAddNewCategorySuccessfully"},{"name":"suite","value":"testsuite.lei122720.bookstore.category.BookstoreCategoryTests"},{"name":"severity","value":"critical"}],"links":[],"name":"shouldAddNewCategorySuccessfully()","status":"failed","statusDetails":{"known":false,"muted":false,"flaky":false,"message":"Element should be visible {[org.openqa.selenium.remote.RemoteWebElement@784d048c -> unknown locator]}\nElement: 'Ups, failed to describe the element [caused by: StaleElementReferenceException: stale element reference: stale element not found in the current frame]'\nScreenshot: file:/Users/alfredosoudo/Desktop/SeleniumDemo/build/reports/tests/1764602376134.0.png\nPage source: file:/Users/alfredosoudo/Desktop/SeleniumDemo/build/reports/tests/1764602376134.0.html\nTimeout: 4 s.\nCaused by: StaleElementReferenceException: stale element reference: stale element not found in the current frame","trace":"Element should be visible {[org.openqa.selenium.remote.RemoteWebElement@784d048c -> unknown locator]}\nElement: 'Ups, failed to describe the element [caused by: StaleElementReferenceException: stale element reference: stale element not found in the current frame]'\nScreenshot: file:/Users/alfredosoudo/Desktop/SeleniumDemo/build/reports/tests/1764602376134.0.png\nPage source: file:/Users/alfredosoudo/Desktop/SeleniumDemo/build/reports/tests/1764602376134.0.html\nTimeout: 4 s.\nCaused by: StaleElementReferenceException: stale element reference: stale element not found in the current frame\n\tat com.codeborne.selenide.impl.WebElementSource.handleError(WebElementSource.java:125)\n\tat com.codeborne.selenide.impl.WebElementSource.checkConditionAndReturnElement(WebElementSource.java:102)\n\tat com.codeborne.selenide.impl.WebElementSource.checkCondition(WebElementSource.java:78)\n\tat com.codeborne.selenide.commands.Should.execute(Should.java:24)\n\tat com.codeborne.selenide.FluentCommand.execute(FluentCommand.java:23)\n\tat com.codeborne.selenide.FluentCommand.execute(FluentCommand.java:19)\n\tat com.codeborne.selenide.commands.Commands.execute(Commands.java:159)\n\tat com.codeborne.selenide.impl.SelenideElementProxy.dispatchAndRetry(SelenideElementProxy.java:131)\n\tat com.codeborne.selenide.impl.SelenideElementProxy.invoke(SelenideElementProxy.java:83)\n\tat jdk.proxy2/jdk.proxy2.$Proxy15.shouldBe(Unknown Source)\n\tat testsuite.lei122720.bookstore.category.pages.BookstoreCategoriesPage.goToCategoryForm(BookstoreCategoriesPage.java:49)\n\tat testsuite.lei122720.bookstore.category.BookstoreCategoryTests.shouldAddNewCategorySuccessfully(BookstoreCategoryTests.java:48)\n\tat java.base/java.lang.reflect.Method.invoke(Method.java:565)\n\tat java.base/java.util.ArrayList.forEach(ArrayList.java:1604)\n\tat java.base/java.util.ArrayList.forEach(ArrayList.java:1604)\nCaused by: org.openqa.selenium.StaleElementReferenceException: stale element reference: stale element not found in the current frame\n  (Session info: chrome=142.0.7444.176)\nFor documentation on this error, please visit: https://www.selenium.dev/documentation/webdriver/troubleshooting/errors#stale-element-reference-exception\nBuild info: version: '4.26.0', revision: '8ccf0219d7'\nSystem info: os.name: 'Mac OS X', os.arch: 'aarch64', os.version: '12.5', java.version: '25'\nDriver info: org.openqa.selenium.chrome.ChromeDriver\nCommand: [91225ebd58cf789427aeef12bc162204, isElementDisplayed {id=f.55E4C9C7EAA02B2BAC19821FC0AA96F7.d.45145FCCE663178CD838C0610B11105B.e.22}]\nCapabilities {acceptInsecureCerts: true, browserName: chrome, browserVersion: 142.0.7444.176, chrome: {chromedriverVersion: 142.0.7444.175 (302067f14a4..., userDataDir: /var/folders/dw/045d4h3921b...}, fedcm:accounts: true, goog:chromeOptions: {debuggerAddress: localhost:65134}, goog:processID: 57697, networkConnectionEnabled: false, pageLoadStrategy: normal, platformName: mac, proxy: Proxy(), se:cdp: ws://localhost:65134/devtoo..., se:cdpVersion: 142.0.7444.176, setWindowRect: true, strictFileInteractability: false, timeouts: {implicit: 0, pageLoad: 300000, script: 30000}, unhandledPromptBehavior: accept, webauthn:extension:credBlob: true, webauthn:extension:largeBlob: true, webauthn:extension:minPinLength: true, webauthn:extension:prf: true, webauthn:virtualAuthenticators: true}\nElement: [org.openqa.selenium.remote.RemoteWebElement@784d048c -> unknown locator]\nSession ID: 91225ebd58cf789427aeef12bc162204\n\tat java.base/jdk.internal.reflect.DirectConstructorHandleAccessor.newInstance(DirectConstructorHandleAccessor.java:62)\n\tat java.base/java.lang.reflect.Constructor.newInstanceWithCaller(Constructor.java:499)\n\tat java.base/java.lang.reflect.Constructor.newInstance(Constructor.java:483)\n\tat org.openqa.selenium.remote.ErrorCodec.decode(ErrorCodec.java:167)\n\tat org.openqa.selenium.remote.codec.w3c.W3CHttpResponseCodec.decode(W3CHttpResponseCodec.java:138)\n\tat org.openqa.selenium.remote.codec.w3c.W3CHttpResponseCodec.decode(W3CHttpResponseCodec.java:50)\n\tat org.openqa.selenium.remote.HttpCommandExecutor.execute(HttpCommandExecutor.java:190)\n\tat org.openqa.selenium.remote.service.DriverCommandExecutor.invokeExecute(DriverCommandExecutor.java:216)\n\tat org.openqa.selenium.remote.service.DriverCommandExecutor.execute(DriverCommandExecutor.java:174)\n\tat org.openqa.selenium.remote.RemoteWebDriver.execute(RemoteWebDriver.java:545)\n\tat org.openqa.selenium.remote.RemoteWebElement.execute(RemoteWebElement.java:223)\n\tat org.openqa.selenium.remote.RemoteWebElement.isDisplayed(RemoteWebElement.java:282)\n\tat com.codeborne.selenide.conditions.Visible.check(Visible.java:15)\n\tat com.codeborne.selenide.impl.WebElementSource.checkConditionAndReturnElement(WebElementSource.java:92)\n\t... 13 more\n"},"stage":"finished","description":"","steps":[],"attachments":[],"parameters":[],"start":1764602366528,"stop":1764602376378}